# JRE version: Java(TM) SE Runtime Environment (18.0.2.1+1) (build 18.0.2.1+1-1)
# Java VM: Java HotSpot(TM) 64-Bit Server VM (18.0.2.1+1-1, mixed mode, sharing, tiered, compressed oops, compressed class ptrs, g1 gc, windows-amd64)
GC Precious Log:
 CardTable entry size: 512
 Card Set container configuration: InlinePtr #cards 5 size 8 Array Of Cards #cards 12 size 40 Howl #buckets 4 coarsen threshold 1843 Howl Bitmap #cards 512 size 80 coarsen threshold 460 Card regions per heap region 1 cards per card region 2048
 CPUs: 12 total, 12 available
 Memory: 12084M
 Large Page Support: Disabled
 NUMA Support: Disabled
 Compressed Oops: Enabled (32-bit)
 Heap Region Size: 1M
 Heap Min Capacity: 8M
 Heap Initial Capacity: 190M
 Heap Max Capacity: 2G
 Pre-touch: Disabled
 Parallel Workers: 10
 Concurrent Workers: 3
 Concurrent Refinement Workers: 10
 Periodic GC: Disabled
Heap:
 garbage-first heap   total 220160K, used 148658K [0x0000000080000000, 0x0000000100000000)
  region size 1024K, 51 young (52224K), 10 survivors (10240K)
 Metaspace       used 85588K, committed 87744K, reserved 552960K
  class space    used 11942K, committed 13056K, reserved 421888K
GC Heap History (20 events):
Event: 8.955 GC heap before
{Heap before GC invocations=26 (full 0):
 garbage-first heap   total 104448K, used 65824K [0x0000000080000000, 0x0000000100000000)
  region size 1024K, 5 young (5120K), 4 survivors (4096K)
 Metaspace       used 63344K, committed 65088K, reserved 487424K
  class space    used 8885K, committed 9792K, reserved 421888K
}
Event: 8.957 GC heap after
{Heap after GC invocations=27 (full 0):
 garbage-first heap   total 104448K, used 65380K [0x0000000080000000, 0x0000000100000000)
  region size 1024K, 1 young (1024K), 1 survivors (1024K)
 Metaspace       used 63344K, committed 65088K, reserved 487424K
  class space    used 8885K, committed 9792K, reserved 421888K
}
Event: 9.089 GC heap before
{Heap before GC invocations=27 (full 0):
 garbage-first heap   total 104448K, used 76644K [0x0000000080000000, 0x0000000100000000)
  region size 1024K, 14 young (14336K), 1 survivors (1024K)
 Metaspace       used 64982K, committed 66752K, reserved 487424K
  class space    used 9085K, committed 9984K, reserved 421888K
}
Event: 9.091 GC heap after
{Heap after GC invocations=28 (full 0):
 garbage-first heap   total 104448K, used 66695K [0x0000000080000000, 0x0000000100000000)
  region size 1024K, 2 young (2048K), 2 survivors (2048K)
 Metaspace       used 64982K, committed 66752K, reserved 487424K
  class space    used 9085K, committed 9984K, reserved 421888K
}
Event: 9.321 GC heap before
{Heap before GC invocations=29 (full 0):
 garbage-first heap   total 119808K, used 86151K [0x0000000080000000, 0x0000000100000000)
  region size 1024K, 19 young (19456K), 2 survivors (2048K)
 Metaspace       used 67679K, committed 69504K, reserved 487424K
  class space    used 9393K, committed 10304K, reserved 421888K
}
Event: 9.322 GC heap after
{Heap after GC invocations=30 (full 0):
 garbage-first heap   total 119808K, used 70540K [0x0000000080000000, 0x0000000100000000)
  region size 1024K, 3 young (3072K), 3 survivors (3072K)
 Metaspace       used 67679K, committed 69504K, reserved 487424K
  class space    used 9393K, committed 10304K, reserved 421888K
}
Event: 9.347 GC heap before
{Heap before GC invocations=30 (full 0):
 garbage-first heap   total 119808K, used 72588K [0x0000000080000000, 0x0000000100000000)
  region size 1024K, 5 young (5120K), 3 survivors (3072K)
 Metaspace       used 67998K, committed 69760K, reserved 487424K
  class space    used 9429K, committed 10304K, reserved 421888K
}
Event: 9.349 GC heap after
{Heap after GC invocations=31 (full 0):
 garbage-first heap   total 119808K, used 69881K [0x0000000080000000, 0x0000000100000000)
  region size 1024K, 1 young (1024K), 1 survivors (1024K)
 Metaspace       used 67998K, committed 69760K, reserved 487424K
  class space    used 9429K, committed 10304K, reserved 421888K
}
Event: 9.573 GC heap before
{Heap before GC invocations=31 (full 0):
 garbage-first heap   total 119808K, used 79097K [0x0000000080000000, 0x0000000100000000)
  region size 1024K, 12 young (12288K), 1 survivors (1024K)
 Metaspace       used 69968K, committed 71744K, reserved 487424K
  class space    used 9646K, committed 10496K, reserved 421888K
}
Event: 9.575 GC heap after
{Heap after GC invocations=32 (full 0):
 garbage-first heap   total 119808K, used 71453K [0x0000000080000000, 0x0000000100000000)
  region size 1024K, 2 young (2048K), 2 survivors (2048K)
 Metaspace       used 69968K, committed 71744K, reserved 487424K
  class space    used 9646K, committed 10496K, reserved 421888K
}
Event: 9.758 GC heap before
{Heap before GC invocations=33 (full 0):
 garbage-first heap   total 143360K, used 101149K [0x0000000080000000, 0x0000000100000000)
  region size 1024K, 25 young (25600K), 2 survivors (2048K)
 Metaspace       used 71322K, committed 73088K, reserved 487424K
  class space    used 9826K, committed 10688K, reserved 421888K
}
Event: 9.761 GC heap after
{Heap after GC invocations=34 (full 0):
 garbage-first heap   total 143360K, used 73825K [0x0000000080000000, 0x0000000100000000)
  region size 1024K, 4 young (4096K), 4 survivors (4096K)
 Metaspace       used 71322K, committed 73088K, reserved 487424K
  class space    used 9826K, committed 10688K, reserved 421888K
}
Event: 9.787 GC heap before
{Heap before GC invocations=34 (full 0):
 garbage-first heap   total 143360K, used 76897K [0x0000000080000000, 0x0000000100000000)
  region size 1024K, 7 young (7168K), 4 survivors (4096K)
 Metaspace       used 71545K, committed 73344K, reserved 487424K
  class space    used 9857K, committed 10752K, reserved 421888K
}
Event: 9.790 GC heap after
{Heap after GC invocations=35 (full 0):
 garbage-first heap   total 220160K, used 73795K [0x0000000080000000, 0x0000000100000000)
  region size 1024K, 1 young (1024K), 1 survivors (1024K)
 Metaspace       used 71545K, committed 73344K, reserved 487424K
  class space    used 9857K, committed 10752K, reserved 421888K
}
Event: 10.309 GC heap before
{Heap before GC invocations=35 (full 0):
 garbage-first heap   total 220160K, used 145475K [0x0000000080000000, 0x0000000100000000)
  region size 1024K, 71 young (72704K), 1 survivors (1024K)
 Metaspace       used 74518K, committed 76352K, reserved 552960K
  class space    used 10245K, committed 11136K, reserved 421888K
}
Event: 10.312 GC heap after
{Heap after GC invocations=36 (full 0):
 garbage-first heap   total 220160K, used 79022K [0x0000000080000000, 0x0000000100000000)
  region size 1024K, 6 young (6144K), 6 survivors (6144K)
 Metaspace       used 74518K, committed 76352K, reserved 552960K
  class space    used 10245K, committed 11136K, reserved 421888K
}
Event: 14.717 GC heap before
{Heap before GC invocations=36 (full 0):
 garbage-first heap   total 220160K, used 152750K [0x0000000080000000, 0x0000000100000000)
  region size 1024K, 78 young (79872K), 6 survivors (6144K)
 Metaspace       used 80761K, committed 82688K, reserved 552960K
  class space    used 11284K, committed 12288K, reserved 421888K
}
Event: 14.723 GC heap after
{Heap after GC invocations=37 (full 0):
 garbage-first heap   total 220160K, used 85570K [0x0000000080000000, 0x0000000100000000)
  region size 1024K, 7 young (7168K), 7 survivors (7168K)
 Metaspace       used 80761K, committed 82688K, reserved 552960K
  class space    used 11284K, committed 12288K, reserved 421888K
}
Event: 15.931 GC heap before
{Heap before GC invocations=37 (full 0):
 garbage-first heap   total 220160K, used 160322K [0x0000000080000000, 0x0000000100000000)
  region size 1024K, 78 young (79872K), 7 survivors (7168K)
 Metaspace       used 83266K, committed 85376K, reserved 552960K
  class space    used 11663K, committed 12736K, reserved 421888K
}
Event: 15.938 GC heap after
{Heap after GC invocations=38 (full 0):
 garbage-first heap   total 220160K, used 103602K [0x0000000080000000, 0x0000000100000000)
  region size 1024K, 10 young (10240K), 10 survivors (10240K)
 Metaspace       used 83266K, committed 85376K, reserved 552960K
  class space    used 11663K, committed 12736K, reserved 421888K
}

